Performing C++ SOURCE FILE Test HAS_CXX20_FLAG failed with the following output:
Change Dir: /home/ryan/mov_gitlab/src/movel_utility/robot_center/build/CMakeFiles/CMakeTmp

Run Build Command:"/usr/bin/make" "cmTC_73f7e/fast"
/usr/bin/make -f CMakeFiles/cmTC_73f7e.dir/build.make CMakeFiles/cmTC_73f7e.dir/build
make[1]: Entering directory '/home/ryan/mov_gitlab/src/movel_utility/robot_center/build/CMakeFiles/CMakeTmp'
Building CXX object CMakeFiles/cmTC_73f7e.dir/src.cxx.o
/usr/bin/c++     -DHAS_CXX20_FLAG   -std=c++2a -o CMakeFiles/cmTC_73f7e.dir/src.cxx.o -c /home/ryan/mov_gitlab/src/movel_utility/robot_center/build/CMakeFiles/CMakeTmp/src.cxx
c++: error: unrecognized command line option '-std=c++2a'; did you mean '-std=c++03'?
CMakeFiles/cmTC_73f7e.dir/build.make:65: recipe for target 'CMakeFiles/cmTC_73f7e.dir/src.cxx.o' failed
make[1]: *** [CMakeFiles/cmTC_73f7e.dir/src.cxx.o] Error 1
make[1]: Leaving directory '/home/ryan/mov_gitlab/src/movel_utility/robot_center/build/CMakeFiles/CMakeTmp'
Makefile:126: recipe for target 'cmTC_73f7e/fast' failed
make: *** [cmTC_73f7e/fast] Error 2

Source file was:
int main() { return 0; }
Determining if the pthread_create exist failed with the following output:
Change Dir: /home/ryan/mov_gitlab/src/movel_utility/robot_center/build/CMakeFiles/CMakeTmp

Run Build Command:"/usr/bin/make" "cmTC_bee12/fast"
/usr/bin/make -f CMakeFiles/cmTC_bee12.dir/build.make CMakeFiles/cmTC_bee12.dir/build
make[1]: Entering directory '/home/ryan/mov_gitlab/src/movel_utility/robot_center/build/CMakeFiles/CMakeTmp'
Building CXX object CMakeFiles/cmTC_bee12.dir/CheckSymbolExists.cxx.o
/usr/bin/c++      -o CMakeFiles/cmTC_bee12.dir/CheckSymbolExists.cxx.o -c /home/ryan/mov_gitlab/src/movel_utility/robot_center/build/CMakeFiles/CMakeTmp/CheckSymbolExists.cxx
Linking CXX executable cmTC_bee12
/usr/bin/cmake -E cmake_link_script CMakeFiles/cmTC_bee12.dir/link.txt --verbose=1
/usr/bin/c++        CMakeFiles/cmTC_bee12.dir/CheckSymbolExists.cxx.o  -o cmTC_bee12 
CMakeFiles/cmTC_bee12.dir/CheckSymbolExists.cxx.o: In function `main':
CheckSymbolExists.cxx:(.text+0x16): undefined reference to `pthread_create'
collect2: error: ld returned 1 exit status
CMakeFiles/cmTC_bee12.dir/build.make:97: recipe for target 'cmTC_bee12' failed
make[1]: *** [cmTC_bee12] Error 1
make[1]: Leaving directory '/home/ryan/mov_gitlab/src/movel_utility/robot_center/build/CMakeFiles/CMakeTmp'
Makefile:126: recipe for target 'cmTC_bee12/fast' failed
make: *** [cmTC_bee12/fast] Error 2

File /home/ryan/mov_gitlab/src/movel_utility/robot_center/build/CMakeFiles/CMakeTmp/CheckSymbolExists.cxx:
/* */
#include <pthread.h>

int main(int argc, char** argv)
{
  (void)argv;
#ifndef pthread_create
  return ((int*)(&pthread_create))[argc];
#else
  (void)argc;
  return 0;
#endif
}

Determining if the function pthread_create exists in the pthreads failed with the following output:
Change Dir: /home/ryan/mov_gitlab/src/movel_utility/robot_center/build/CMakeFiles/CMakeTmp

Run Build Command:"/usr/bin/make" "cmTC_8d5e1/fast"
/usr/bin/make -f CMakeFiles/cmTC_8d5e1.dir/build.make CMakeFiles/cmTC_8d5e1.dir/build
make[1]: Entering directory '/home/ryan/mov_gitlab/src/movel_utility/robot_center/build/CMakeFiles/CMakeTmp'
Building CXX object CMakeFiles/cmTC_8d5e1.dir/CheckFunctionExists.cxx.o
/usr/bin/c++     -DCHECK_FUNCTION_EXISTS=pthread_create   -o CMakeFiles/cmTC_8d5e1.dir/CheckFunctionExists.cxx.o -c /home/ryan/mov_gitlab/src/movel_utility/robot_center/build/CMakeFiles/CheckLibraryExists/CheckFunctionExists.cxx
Linking CXX executable cmTC_8d5e1
/usr/bin/cmake -E cmake_link_script CMakeFiles/cmTC_8d5e1.dir/link.txt --verbose=1
/usr/bin/c++    -DCHECK_FUNCTION_EXISTS=pthread_create    CMakeFiles/cmTC_8d5e1.dir/CheckFunctionExists.cxx.o  -o cmTC_8d5e1 -lpthreads 
/usr/bin/x86_64-linux-gnu-ld: cannot find -lpthreads
collect2: error: ld returned 1 exit status
CMakeFiles/cmTC_8d5e1.dir/build.make:97: recipe for target 'cmTC_8d5e1' failed
make[1]: *** [cmTC_8d5e1] Error 1
make[1]: Leaving directory '/home/ryan/mov_gitlab/src/movel_utility/robot_center/build/CMakeFiles/CMakeTmp'
Makefile:126: recipe for target 'cmTC_8d5e1/fast' failed
make: *** [cmTC_8d5e1/fast] Error 2


